{"D:\\work\\Weather Journal App\\commentsOnlyJs\\app.js": {"path":"D:\\work\\Weather Journal App\\commentsOnlyJs\\app.js","statementMap":{"0":{"start":{"line":16,"column":12},"end":{"line":16,"column":13}},"1":{"start":{"line":17,"column":12},"end":{"line":17,"column":13}},"2":{"start":{"line":18,"column":4},"end":{"line":18,"column":19}},"3":{"start":{"line":21,"column":0},"end":{"line":21,"column":25}}},"fnMap":{"0":{"name":"first","decl":{"start":{"line":15,"column":9},"end":{"line":15,"column":14}},"loc":{"start":{"line":15,"column":17},"end":{"line":19,"column":1}},"line":15}},"branchMap":{},"s":{"0":1,"1":1,"2":1,"3":1},"f":{"0":1},"b":{},"_coverageSchema":"1a1c01bbd47fc00a2c39e90264f33305004495a9","hash":"e39f396c12f8ac04baf6b62bfc523f337347c580"}
}
